<?xml version="1.0" encoding="UTF-8"?>
<!-- Generated by org.testng.reporters.JUnitReportReporter -->
<testsuite hostname="DESKTOP-FOELMIA" failures="0" tests="1" name="com.test.ShrikantDemoTest" time="32.843" errors="0" timestamp="2024-05-10T13:27:48 IST" skipped="0">
  <testcase classname="com.test.ShrikantDemoTest" name="test1" time="32.843"/>
</testsuite> <!-- com.test.ShrikantDemoTest -->
