<?xml version="1.0" encoding="UTF-8"?>
<!-- Generated by org.testng.reporters.JUnitReportReporter -->
<testsuite hostname="DESKTOP-GJ2PL7P" failures="0" tests="1" name="com.test.TestCase" time="30.235" errors="0" timestamp="2024-05-10T13:17:42 IST" skipped="0">
  <testcase classname="com.test.TestCase" name="verifyEmailAndPassRequriedOrNot" time="30.235"/>
</testsuite> <!-- com.test.TestCase -->
