<?xml version="1.0" encoding="UTF-8"?>
<!-- Generated by org.testng.reporters.JUnitReportReporter -->
<testsuite hostname="DESKTOP-GJ2PL7P" failures="0" tests="1" name="com.test.TestSmita" time="16.153" errors="0" timestamp="2024-05-10T13:29:08 IST" skipped="0">
  <testcase classname="com.test.TestSmita" name="m2" time="16.153"/>
</testsuite> <!-- com.test.TestSmita -->
