<?xml version="1.0" encoding="UTF-8"?>
<!-- Generated by org.testng.reporters.JUnitReportReporter -->
<testsuite hostname="DESKTOP-GJ2PL7P" failures="0" tests="3" name="com.test.TestCase" time="91.776" errors="0" timestamp="2024-05-10T13:20:07 IST" skipped="0">
  <testcase classname="com.test.TestCase" name="verifyMobilenum" time="30.847"/>
  <testcase classname="com.test.TestCase" name="verifyMaritalStatusRequriedOrNot" time="39.190"/>
  <testcase classname="com.test.TestCase" name="verifyEmailAndPassRequriedOrNot" time="21.739"/>
</testsuite> <!-- com.test.TestCase -->
