<?xml version="1.0" encoding="UTF-8"?>
<!-- Generated by org.testng.reporters.JUnitReportReporter -->
<testsuite hostname="Shri" failures="0" tests="3" name="com.test.TestCase" time="22.558" errors="0" timestamp="2024-05-10T11:36:26 IST" skipped="0">
  <testcase classname="com.test.TestCase" name="verifyMobilenum" time="9.020"/>
  <testcase classname="com.test.TestCase" name="verifyMaritalStatusRequriedOrNot" time="5.805"/>
  <testcase classname="com.test.TestCase" name="verifyEmailAndPassRequriedOrNot" time="7.733"/>
</testsuite> <!-- com.test.TestCase -->
